{"/home/runner/workspace/artifacts/api-server/src/app.ts": {"path":"/home/runner/workspace/artifacts/api-server/src/app.ts","statementMap":{"0":{"start":{"line":14,"column":6},"end":{"line":14,"column":null}},"1":{"start":{"line":17,"column":0},"end":{"line":17,"column":null}},"2":{"start":{"line":20,"column":0},"end":{"line":37,"column":null}},"3":{"start":{"line":40,"column":0},"end":{"line":45,"column":null}},"4":{"start":{"line":41,"column":2},"end":{"line":41,"column":null}},"5":{"start":{"line":42,"column":2},"end":{"line":42,"column":null}},"6":{"start":{"line":43,"column":2},"end":{"line":43,"column":null}},"7":{"start":{"line":44,"column":2},"end":{"line":44,"column":null}},"8":{"start":{"line":48,"column":23},"end":{"line":50,"column":null}},"9":{"start":{"line":49,"column":54},"end":{"line":49,"column":62}},"10":{"start":{"line":52,"column":0},"end":{"line":64,"column":null}},"11":{"start":{"line":56,"column":6},"end":{"line":60,"column":null}},"12":{"start":{"line":57,"column":8},"end":{"line":57,"column":null}},"13":{"start":{"line":59,"column":8},"end":{"line":59,"column":null}},"14":{"start":{"line":67,"column":6},"end":{"line":73,"column":null}},"15":{"start":{"line":76,"column":6},"end":{"line":82,"column":null}},"16":{"start":{"line":85,"column":0},"end":{"line":85,"column":null}},"17":{"start":{"line":87,"column":0},"end":{"line":105,"column":null}},"18":{"start":{"line":92,"column":8},"end":{"line":96,"column":null}},"19":{"start":{"line":99,"column":8},"end":{"line":101,"column":null}},"20":{"start":{"line":108,"column":0},"end":{"line":108,"column":null}},"21":{"start":{"line":109,"column":0},"end":{"line":109,"column":null}},"22":{"start":{"line":112,"column":0},"end":{"line":112,"column":null}},"23":{"start":{"line":115,"column":0},"end":{"line":115,"column":null}},"24":{"start":{"line":118,"column":0},"end":{"line":118,"column":null}},"25":{"start":{"line":121,"column":0},"end":{"line":121,"column":null}},"26":{"start":{"line":122,"column":0},"end":{"line":122,"column":null}},"27":{"start":{"line":123,"column":0},"end":{"line":123,"column":null}},"28":{"start":{"line":124,"column":0},"end":{"line":124,"column":null}},"29":{"start":{"line":125,"column":0},"end":{"line":125,"column":null}},"30":{"start":{"line":127,"column":0},"end":{"line":127,"column":null}},"31":{"start":{"line":130,"column":0},"end":{"line":151,"column":null}},"32":{"start":{"line":131,"column":21},"end":{"line":131,"column":null}},"33":{"start":{"line":133,"column":4},"end":{"line":134,"column":null}},"34":{"start":{"line":135,"column":2},"end":{"line":144,"column":null}},"35":{"start":{"line":140,"column":6},"end":{"line":142,"column":null}},"36":{"start":{"line":141,"column":8},"end":{"line":141,"column":null}},"37":{"start":{"line":146,"column":2},"end":{"line":149,"column":null}},"38":{"start":{"line":147,"column":4},"end":{"line":147,"column":null}},"39":{"start":{"line":147,"column":37},"end":{"line":147,"column":null}},"40":{"start":{"line":148,"column":4},"end":{"line":148,"column":null}},"41":{"start":{"line":150,"column":2},"end":{"line":150,"column":null}},"42":{"start":{"line":154,"column":42},"end":{"line":192,"column":null}},"43":{"start":{"line":155,"column":2},"end":{"line":155,"column":null}},"44":{"start":{"line":158,"column":2},"end":{"line":164,"column":null}},"45":{"start":{"line":159,"column":4},"end":{"line":162,"column":null}},"46":{"start":{"line":161,"column":69},"end":{"line":161,"column":78}},"47":{"start":{"line":163,"column":4},"end":{"line":163,"column":null}},"48":{"start":{"line":167,"column":2},"end":{"line":170,"column":null}},"49":{"start":{"line":168,"column":4},"end":{"line":168,"column":null}},"50":{"start":{"line":169,"column":4},"end":{"line":169,"column":null}},"51":{"start":{"line":173,"column":2},"end":{"line":176,"column":null}},"52":{"start":{"line":174,"column":4},"end":{"line":174,"column":null}},"53":{"start":{"line":175,"column":4},"end":{"line":175,"column":null}},"54":{"start":{"line":180,"column":4},"end":{"line":184,"column":null}},"55":{"start":{"line":185,"column":16},"end":{"line":185,"column":null}},"56":{"start":{"line":187,"column":4},"end":{"line":187,"column":null}},"57":{"start":{"line":188,"column":2},"end":{"line":191,"column":null}},"58":{"start":{"line":194,"column":0},"end":{"line":194,"column":null}}},"fnMap":{"0":{"name":"(anonymous_0)","decl":{"start":{"line":40,"column":8},"end":{"line":40,"column":9}},"loc":{"start":{"line":40,"column":29},"end":{"line":45,"column":1}},"line":40},"1":{"name":"(anonymous_1)","decl":{"start":{"line":49,"column":47},"end":{"line":49,"column":48}},"loc":{"start":{"line":49,"column":54},"end":{"line":49,"column":62}},"line":49},"2":{"name":"(anonymous_2)","decl":{"start":{"line":54,"column":12},"end":{"line":54,"column":13}},"loc":{"start":{"line":54,"column":28},"end":{"line":61,"column":null}},"line":54},"3":{"name":"(anonymous_3)","decl":{"start":{"line":91,"column":6},"end":{"line":91,"column":10}},"loc":{"start":{"line":91,"column":15},"end":{"line":97,"column":null}},"line":91},"4":{"name":"(anonymous_4)","decl":{"start":{"line":98,"column":6},"end":{"line":98,"column":10}},"loc":{"start":{"line":98,"column":15},"end":{"line":102,"column":null}},"line":98},"5":{"name":"(anonymous_5)","decl":{"start":{"line":139,"column":16},"end":{"line":139,"column":17}},"loc":{"start":{"line":139,"column":35},"end":{"line":143,"column":null}},"line":139},"6":{"name":"(anonymous_6)","decl":{"start":{"line":146,"column":10},"end":{"line":146,"column":11}},"loc":{"start":{"line":146,"column":30},"end":{"line":149,"column":3}},"line":146},"7":{"name":"(anonymous_7)","decl":{"start":{"line":154,"column":42},"end":{"line":154,"column":43}},"loc":{"start":{"line":154,"column":69},"end":{"line":192,"column":null}},"line":154},"8":{"name":"(anonymous_8)","decl":{"start":{"line":161,"column":62},"end":{"line":161,"column":63}},"loc":{"start":{"line":161,"column":69},"end":{"line":161,"column":78}},"line":161}},"branchMap":{"0":{"loc":{"start":{"line":48,"column":23},"end":{"line":50,"column":null}},"type":"cond-expr","locations":[{"start":{"line":49,"column":4},"end":{"line":49,"column":null}},{"start":{"line":50,"column":4},"end":{"line":50,"column":null}}],"line":48},"1":{"loc":{"start":{"line":56,"column":6},"end":{"line":60,"column":null}},"type":"if","locations":[{"start":{"line":56,"column":6},"end":{"line":60,"column":null}},{"start":{"line":58,"column":13},"end":{"line":60,"column":null}}],"line":56},"2":{"loc":{"start":{"line":56,"column":10},"end":{"line":56,"column":85}},"type":"binary-expr","locations":[{"start":{"line":56,"column":10},"end":{"line":56,"column":21}},{"start":{"line":56,"column":21},"end":{"line":56,"column":52}},{"start":{"line":56,"column":52},"end":{"line":56,"column":85}}],"line":56},"3":{"loc":{"start":{"line":130,"column":0},"end":{"line":151,"column":null}},"type":"if","locations":[{"start":{"line":130,"column":0},"end":{"line":151,"column":null}},{"start":{},"end":{}}],"line":130},"4":{"loc":{"start":{"line":133,"column":4},"end":{"line":134,"column":null}},"type":"binary-expr","locations":[{"start":{"line":133,"column":4},"end":{"line":133,"column":null}},{"start":{"line":134,"column":4},"end":{"line":134,"column":null}}],"line":133},"5":{"loc":{"start":{"line":140,"column":6},"end":{"line":142,"column":null}},"type":"if","locations":[{"start":{"line":140,"column":6},"end":{"line":142,"column":null}},{"start":{},"end":{}}],"line":140},"6":{"loc":{"start":{"line":147,"column":4},"end":{"line":147,"column":null}},"type":"if","locations":[{"start":{"line":147,"column":4},"end":{"line":147,"column":null}},{"start":{},"end":{}}],"line":147},"7":{"loc":{"start":{"line":158,"column":2},"end":{"line":164,"column":null}},"type":"if","locations":[{"start":{"line":158,"column":2},"end":{"line":164,"column":null}},{"start":{},"end":{}}],"line":158},"8":{"loc":{"start":{"line":167,"column":2},"end":{"line":170,"column":null}},"type":"if","locations":[{"start":{"line":167,"column":2},"end":{"line":170,"column":null}},{"start":{},"end":{}}],"line":167},"9":{"loc":{"start":{"line":167,"column":6},"end":{"line":167,"column":78}},"type":"binary-expr","locations":[{"start":{"line":167,"column":6},"end":{"line":167,"column":43}},{"start":{"line":167,"column":43},"end":{"line":167,"column":78}}],"line":167},"10":{"loc":{"start":{"line":173,"column":2},"end":{"line":176,"column":null}},"type":"if","locations":[{"start":{"line":173,"column":2},"end":{"line":176,"column":null}},{"start":{},"end":{}}],"line":173},"11":{"loc":{"start":{"line":173,"column":6},"end":{"line":173,"column":66}},"type":"binary-expr","locations":[{"start":{"line":173,"column":6},"end":{"line":173,"column":39}},{"start":{"line":173,"column":39},"end":{"line":173,"column":66}}],"line":173},"12":{"loc":{"start":{"line":180,"column":4},"end":{"line":184,"column":null}},"type":"cond-expr","locations":[{"start":{"line":181,"column":10},"end":{"line":181,"column":null}},{"start":{"line":182,"column":8},"end":{"line":184,"column":null}}],"line":180},"13":{"loc":{"start":{"line":182,"column":8},"end":{"line":184,"column":null}},"type":"cond-expr","locations":[{"start":{"line":183,"column":12},"end":{"line":183,"column":null}},{"start":{"line":184,"column":10},"end":{"line":184,"column":null}}],"line":182},"14":{"loc":{"start":{"line":187,"column":4},"end":{"line":187,"column":null}},"type":"cond-expr","locations":[{"start":{"line":187,"column":43},"end":{"line":187,"column":57}},{"start":{"line":187,"column":57},"end":{"line":187,"column":null}}],"line":187},"15":{"loc":{"start":{"line":187,"column":4},"end":{"line":187,"column":43}},"type":"binary-expr","locations":[{"start":{"line":187,"column":4},"end":{"line":187,"column":20}},{"start":{"line":187,"column":20},"end":{"line":187,"column":43}}],"line":187},"16":{"loc":{"start":{"line":190,"column":8},"end":{"line":190,"column":null}},"type":"cond-expr","locations":[{"start":{"line":190,"column":57},"end":{"line":190,"column":84}},{"start":{"line":190,"column":84},"end":{"line":190,"column":null}}],"line":190},"17":{"loc":{"start":{"line":190,"column":8},"end":{"line":190,"column":57}},"type":"binary-expr","locations":[{"start":{"line":190,"column":8},"end":{"line":190,"column":17}},{"start":{"line":190,"column":17},"end":{"line":190,"column":34}},{"start":{"line":190,"column":34},"end":{"line":190,"column":57}}],"line":190}},"s":{"0":3,"1":3,"2":3,"3":3,"4":27,"5":27,"6":27,"7":27,"8":3,"9":0,"10":3,"11":27,"12":27,"13":0,"14":3,"15":3,"16":3,"17":3,"18":0,"19":0,"20":3,"21":3,"22":3,"23":3,"24":3,"25":3,"26":3,"27":3,"28":3,"29":3,"30":3,"31":3,"32":0,"33":0,"34":0,"35":0,"36":0,"37":0,"38":0,"39":0,"40":0,"41":0,"42":3,"43":1,"44":1,"45":0,"46":0,"47":0,"48":1,"49":0,"50":0,"51":1,"52":0,"53":0,"54":1,"55":1,"56":1,"57":1,"58":3},"f":{"0":27,"1":0,"2":27,"3":0,"4":0,"5":0,"6":0,"7":1,"8":0},"b":{"0":[0,3],"1":[27,0],"2":[27,0,0],"3":[0,3],"4":[0,0],"5":[0,0],"6":[0,0],"7":[0,1],"8":[0,1],"9":[1,1],"10":[0,1],"11":[1,0],"12":[0,1],"13":[0,1],"14":[0,1],"15":[1,0],"16":[1,0],"17":[1,1,1]},"meta":{"lastBranch":18,"lastFunction":9,"lastStatement":59,"seen":{"s:14:6:14:Infinity":0,"s:17:0:17:Infinity":1,"s:20:0:37:Infinity":2,"s:40:0:45:Infinity":3,"f:40:8:40:9":0,"s:41:2:41:Infinity":4,"s:42:2:42:Infinity":5,"s:43:2:43:Infinity":6,"s:44:2:44:Infinity":7,"s:48:23:50:Infinity":8,"b:49:4:49:Infinity:50:4:50:Infinity":0,"f:49:47:49:48":1,"s:49:54:49:62":9,"s:52:0:64:Infinity":10,"f:54:12:54:13":2,"b:56:6:60:Infinity:58:13:60:Infinity":1,"s:56:6:60:Infinity":11,"b:56:10:56:21:56:21:56:52:56:52:56:85":2,"s:57:8:57:Infinity":12,"s:59:8:59:Infinity":13,"s:67:6:73:Infinity":14,"s:76:6:82:Infinity":15,"s:85:0:85:Infinity":16,"s:87:0:105:Infinity":17,"f:91:6:91:10":3,"s:92:8:96:Infinity":18,"f:98:6:98:10":4,"s:99:8:101:Infinity":19,"s:108:0:108:Infinity":20,"s:109:0:109:Infinity":21,"s:112:0:112:Infinity":22,"s:115:0:115:Infinity":23,"s:118:0:118:Infinity":24,"s:121:0:121:Infinity":25,"s:122:0:122:Infinity":26,"s:123:0:123:Infinity":27,"s:124:0:124:Infinity":28,"s:125:0:125:Infinity":29,"s:127:0:127:Infinity":30,"b:130:0:151:Infinity:undefined:undefined:undefined:undefined":3,"s:130:0:151:Infinity":31,"s:131:21:131:Infinity":32,"s:133:4:134:Infinity":33,"b:133:4:133:Infinity:134:4:134:Infinity":4,"s:135:2:144:Infinity":34,"f:139:16:139:17":5,"b:140:6:142:Infinity:undefined:undefined:undefined:undefined":5,"s:140:6:142:Infinity":35,"s:141:8:141:Infinity":36,"s:146:2:149:Infinity":37,"f:146:10:146:11":6,"b:147:4:147:Infinity:undefined:undefined:undefined:undefined":6,"s:147:4:147:Infinity":38,"s:147:37:147:Infinity":39,"s:148:4:148:Infinity":40,"s:150:2:150:Infinity":41,"s:154:42:192:Infinity":42,"f:154:42:154:43":7,"s:155:2:155:Infinity":43,"b:158:2:164:Infinity:undefined:undefined:undefined:undefined":7,"s:158:2:164:Infinity":44,"s:159:4:162:Infinity":45,"f:161:62:161:63":8,"s:161:69:161:78":46,"s:163:4:163:Infinity":47,"b:167:2:170:Infinity:undefined:undefined:undefined:undefined":8,"s:167:2:170:Infinity":48,"b:167:6:167:43:167:43:167:78":9,"s:168:4:168:Infinity":49,"s:169:4:169:Infinity":50,"b:173:2:176:Infinity:undefined:undefined:undefined:undefined":10,"s:173:2:176:Infinity":51,"b:173:6:173:39:173:39:173:66":11,"s:174:4:174:Infinity":52,"s:175:4:175:Infinity":53,"s:180:4:184:Infinity":54,"b:181:10:181:Infinity:182:8:184:Infinity":12,"b:183:12:183:Infinity:184:10:184:Infinity":13,"s:185:16:185:Infinity":55,"s:187:4:187:Infinity":56,"b:187:43:187:57:187:57:187:Infinity":14,"b:187:4:187:20:187:20:187:43":15,"s:188:2:191:Infinity":57,"b:190:57:190:84:190:84:190:Infinity":16,"b:190:8:190:17:190:17:190:34:190:34:190:57":17,"s:194:0:194:Infinity":58}}}
,"/home/runner/workspace/artifacts/api-server/src/lib/schemas.ts": {"path":"/home/runner/workspace/artifacts/api-server/src/lib/schemas.ts","statementMap":{"0":{"start":{"line":8,"column":17},"end":{"line":9,"column":null}},"1":{"start":{"line":9,"column":2},"end":{"line":9,"column":null}},"2":{"start":{"line":12,"column":27},"end":{"line":18,"column":null}},"3":{"start":{"line":21,"column":22},"end":{"line":21,"column":null}},"4":{"start":{"line":23,"column":32},"end":{"line":41,"column":null}},"5":{"start":{"line":34,"column":21},"end":{"line":34,"column":null}},"6":{"start":{"line":43,"column":32},"end":{"line":48,"column":null}},"7":{"start":{"line":51,"column":35},"end":{"line":64,"column":null}},"8":{"start":{"line":56,"column":21},"end":{"line":56,"column":null}},"9":{"start":{"line":66,"column":35},"end":{"line":66,"column":null}},"10":{"start":{"line":69,"column":32},"end":{"line":75,"column":null}},"11":{"start":{"line":77,"column":32},"end":{"line":77,"column":null}},"12":{"start":{"line":80,"column":37},"end":{"line":85,"column":null}},"13":{"start":{"line":87,"column":37},"end":{"line":87,"column":null}},"14":{"start":{"line":90,"column":36},"end":{"line":99,"column":null}},"15":{"start":{"line":101,"column":36},"end":{"line":101,"column":null}},"16":{"start":{"line":104,"column":35},"end":{"line":115,"column":null}},"17":{"start":{"line":117,"column":35},"end":{"line":117,"column":null}},"18":{"start":{"line":124,"column":17},"end":{"line":124,"column":null}},"19":{"start":{"line":125,"column":2},"end":{"line":125,"column":null}},"20":{"start":{"line":125,"column":22},"end":{"line":125,"column":null}},"21":{"start":{"line":126,"column":17},"end":{"line":128,"column":null}},"22":{"start":{"line":127,"column":12},"end":{"line":127,"column":null}},"23":{"start":{"line":129,"column":2},"end":{"line":129,"column":null}}},"fnMap":{"0":{"name":"(anonymous_0)","decl":{"start":{"line":8,"column":17},"end":{"line":8,"column":18}},"loc":{"start":{"line":9,"column":2},"end":{"line":9,"column":null}},"line":9},"1":{"name":"(anonymous_1)","decl":{"start":{"line":34,"column":14},"end":{"line":34,"column":21}},"loc":{"start":{"line":34,"column":21},"end":{"line":34,"column":null}},"line":34},"2":{"name":"(anonymous_2)","decl":{"start":{"line":56,"column":14},"end":{"line":56,"column":21}},"loc":{"start":{"line":56,"column":21},"end":{"line":56,"column":null}},"line":56},"3":{"name":"validate","decl":{"start":{"line":120,"column":16},"end":{"line":120,"column":null}},"loc":{"start":{"line":123,"column":69},"end":{"line":130,"column":null}},"line":123},"4":{"name":"(anonymous_4)","decl":{"start":{"line":127,"column":4},"end":{"line":127,"column":5}},"loc":{"start":{"line":127,"column":12},"end":{"line":127,"column":null}},"line":127}},"branchMap":{"0":{"loc":{"start":{"line":125,"column":2},"end":{"line":125,"column":null}},"type":"if","locations":[{"start":{"line":125,"column":2},"end":{"line":125,"column":null}},{"start":{},"end":{}}],"line":125},"1":{"loc":{"start":{"line":127,"column":12},"end":{"line":127,"column":null}},"type":"cond-expr","locations":[{"start":{"line":127,"column":28},"end":{"line":127,"column":66}},{"start":{"line":127,"column":66},"end":{"line":127,"column":null}}],"line":127}},"s":{"0":4,"1":4,"2":4,"3":4,"4":4,"5":1,"6":4,"7":4,"8":1,"9":4,"10":4,"11":4,"12":4,"13":4,"14":4,"15":4,"16":4,"17":4,"18":27,"19":27,"20":14,"21":13,"22":13,"23":13},"f":{"0":4,"1":1,"2":1,"3":27,"4":13},"b":{"0":[14,13],"1":[13,0]},"meta":{"lastBranch":2,"lastFunction":5,"lastStatement":24,"seen":{"s:8:17:9:Infinity":0,"f:8:17:8:18":0,"s:9:2:9:Infinity":1,"s:12:27:18:Infinity":2,"s:21:22:21:Infinity":3,"s:23:32:41:Infinity":4,"f:34:14:34:21":1,"s:34:21:34:Infinity":5,"s:43:32:48:Infinity":6,"s:51:35:64:Infinity":7,"f:56:14:56:21":2,"s:56:21:56:Infinity":8,"s:66:35:66:Infinity":9,"s:69:32:75:Infinity":10,"s:77:32:77:Infinity":11,"s:80:37:85:Infinity":12,"s:87:37:87:Infinity":13,"s:90:36:99:Infinity":14,"s:101:36:101:Infinity":15,"s:104:35:115:Infinity":16,"s:117:35:117:Infinity":17,"f:120:16:120:Infinity":3,"s:124:17:124:Infinity":18,"b:125:2:125:Infinity:undefined:undefined:undefined:undefined":0,"s:125:2:125:Infinity":19,"s:125:22:125:Infinity":20,"s:126:17:128:Infinity":21,"f:127:4:127:5":4,"s:127:12:127:Infinity":22,"b:127:28:127:66:127:66:127:Infinity":1,"s:129:2:129:Infinity":23}}}
,"/home/runner/workspace/artifacts/api-server/src/lib/session-blacklist.ts": {"path":"/home/runner/workspace/artifacts/api-server/src/lib/session-blacklist.ts","statementMap":{"0":{"start":{"line":7,"column":26},"end":{"line":7,"column":null}},"1":{"start":{"line":11,"column":2},"end":{"line":11,"column":null}},"2":{"start":{"line":12,"column":2},"end":{"line":12,"column":null}},"3":{"start":{"line":12,"column":19},"end":{"line":12,"column":52}},"4":{"start":{"line":17,"column":2},"end":{"line":17,"column":null}}},"fnMap":{"0":{"name":"blacklistToken","decl":{"start":{"line":10,"column":16},"end":{"line":10,"column":31}},"loc":{"start":{"line":10,"column":80},"end":{"line":13,"column":null}},"line":10},"1":{"name":"(anonymous_1)","decl":{"start":{"line":12,"column":13},"end":{"line":12,"column":19}},"loc":{"start":{"line":12,"column":19},"end":{"line":12,"column":52}},"line":12},"2":{"name":"isTokenBlacklisted","decl":{"start":{"line":16,"column":16},"end":{"line":16,"column":35}},"loc":{"start":{"line":16,"column":59},"end":{"line":18,"column":null}},"line":16}},"branchMap":{"0":{"loc":{"start":{"line":10,"column":46},"end":{"line":10,"column":80}},"type":"default-arg","locations":[{"start":{"line":10,"column":54},"end":{"line":10,"column":80}}],"line":10}},"s":{"0":3,"1":1,"2":1,"3":0,"4":2},"f":{"0":1,"1":0,"2":2},"b":{"0":[1]},"meta":{"lastBranch":1,"lastFunction":3,"lastStatement":5,"seen":{"s:7:26:7:Infinity":0,"f:10:16:10:31":0,"b:10:54:10:80":0,"s:11:2:11:Infinity":1,"s:12:2:12:Infinity":2,"f:12:13:12:19":1,"s:12:19:12:52":3,"f:16:16:16:35":2,"s:17:2:17:Infinity":4}}}
,"/home/runner/workspace/artifacts/api-server/src/lib/totp.ts": {"path":"/home/runner/workspace/artifacts/api-server/src/lib/totp.ts","statementMap":{"0":{"start":{"line":5,"column":17},"end":{"line":5,"column":null}},"1":{"start":{"line":12,"column":2},"end":{"line":13,"column":null}},"2":{"start":{"line":16,"column":13},"end":{"line":16,"column":null}},"3":{"start":{"line":17,"column":17},"end":{"line":17,"column":null}},"4":{"start":{"line":18,"column":18},"end":{"line":18,"column":null}},"5":{"start":{"line":19,"column":2},"end":{"line":19,"column":null}},"6":{"start":{"line":20,"column":2},"end":{"line":20,"column":null}},"7":{"start":{"line":24,"column":29},"end":{"line":24,"column":null}},"8":{"start":{"line":25,"column":13},"end":{"line":25,"column":null}},"9":{"start":{"line":26,"column":19},"end":{"line":26,"column":null}},"10":{"start":{"line":27,"column":18},"end":{"line":27,"column":null}},"11":{"start":{"line":28,"column":2},"end":{"line":28,"column":null}},"12":{"start":{"line":29,"column":2},"end":{"line":29,"column":null}},"13":{"start":{"line":34,"column":2},"end":{"line":34,"column":null}},"14":{"start":{"line":38,"column":17},"end":{"line":42,"column":null}},"15":{"start":{"line":43,"column":2},"end":{"line":46,"column":null}},"16":{"start":{"line":50,"column":2},"end":{"line":50,"column":null}},"17":{"start":{"line":54,"column":2},"end":{"line":59,"column":null}}},"fnMap":{"0":{"name":"encryptSecret","decl":{"start":{"line":15,"column":16},"end":{"line":15,"column":30}},"loc":{"start":{"line":15,"column":54},"end":{"line":21,"column":null}},"line":15},"1":{"name":"decryptSecret","decl":{"start":{"line":23,"column":16},"end":{"line":23,"column":30}},"loc":{"start":{"line":23,"column":63},"end":{"line":30,"column":null}},"line":23},"2":{"name":"isEncrypted","decl":{"start":{"line":33,"column":16},"end":{"line":33,"column":28}},"loc":{"start":{"line":33,"column":52},"end":{"line":35,"column":null}},"line":33},"3":{"name":"generateTOTPSecret","decl":{"start":{"line":37,"column":16},"end":{"line":37,"column":35}},"loc":{"start":{"line":37,"column":53},"end":{"line":47,"column":null}},"line":37},"4":{"name":"generateQRCode","decl":{"start":{"line":49,"column":22},"end":{"line":49,"column":37}},"loc":{"start":{"line":49,"column":75},"end":{"line":51,"column":null}},"line":49},"5":{"name":"verifyTOTP","decl":{"start":{"line":53,"column":16},"end":{"line":53,"column":27}},"loc":{"start":{"line":53,"column":67},"end":{"line":60,"column":null}},"line":53}},"branchMap":{"0":{"loc":{"start":{"line":12,"column":2},"end":{"line":13,"column":null}},"type":"binary-expr","locations":[{"start":{"line":12,"column":2},"end":{"line":12,"column":null}},{"start":{"line":13,"column":2},"end":{"line":13,"column":null}}],"line":12},"1":{"loc":{"start":{"line":13,"column":37},"end":{"line":13,"column":76}},"type":"binary-expr","locations":[{"start":{"line":13,"column":37},"end":{"line":13,"column":63}},{"start":{"line":13,"column":63},"end":{"line":13,"column":76}}],"line":13}},"s":{"0":3,"1":3,"2":0,"3":0,"4":0,"5":0,"6":0,"7":0,"8":0,"9":0,"10":0,"11":0,"12":0,"13":0,"14":2,"15":2,"16":0,"17":2},"f":{"0":0,"1":0,"2":0,"3":2,"4":0,"5":2},"b":{"0":[3,3],"1":[3,0]},"meta":{"lastBranch":2,"lastFunction":6,"lastStatement":18,"seen":{"s:5:17:5:Infinity":0,"s:12:2:13:Infinity":1,"b:12:2:12:Infinity:13:2:13:Infinity":0,"b:13:37:13:63:13:63:13:76":1,"f:15:16:15:30":0,"s:16:13:16:Infinity":2,"s:17:17:17:Infinity":3,"s:18:18:18:Infinity":4,"s:19:2:19:Infinity":5,"s:20:2:20:Infinity":6,"f:23:16:23:30":1,"s:24:29:24:Infinity":7,"s:25:13:25:Infinity":8,"s:26:19:26:Infinity":9,"s:27:18:27:Infinity":10,"s:28:2:28:Infinity":11,"s:29:2:29:Infinity":12,"f:33:16:33:28":2,"s:34:2:34:Infinity":13,"f:37:16:37:35":3,"s:38:17:42:Infinity":14,"s:43:2:46:Infinity":15,"f:49:22:49:37":4,"s:50:2:50:Infinity":16,"f:53:16:53:27":5,"s:54:2:59:Infinity":17}}}
,"/home/runner/workspace/artifacts/api-server/src/middleware/auth.ts": {"path":"/home/runner/workspace/artifacts/api-server/src/middleware/auth.ts","statementMap":{"0":{"start":{"line":8,"column":0},"end":{"line":10,"column":null}},"1":{"start":{"line":9,"column":2},"end":{"line":9,"column":null}},"2":{"start":{"line":11,"column":27},"end":{"line":11,"column":null}},"3":{"start":{"line":36,"column":2},"end":{"line":36,"column":null}},"4":{"start":{"line":40,"column":23},"end":{"line":42,"column":null}},"5":{"start":{"line":45,"column":2},"end":{"line":45,"column":null}},"6":{"start":{"line":49,"column":2},"end":{"line":55,"column":null}},"7":{"start":{"line":50,"column":20},"end":{"line":50,"column":null}},"8":{"start":{"line":51,"column":4},"end":{"line":51,"column":null}},"9":{"start":{"line":51,"column":36},"end":{"line":51,"column":null}},"10":{"start":{"line":52,"column":4},"end":{"line":52,"column":null}},"11":{"start":{"line":54,"column":4},"end":{"line":54,"column":null}},"12":{"start":{"line":64,"column":15},"end":{"line":64,"column":null}},"13":{"start":{"line":65,"column":2},"end":{"line":68,"column":null}},"14":{"start":{"line":66,"column":4},"end":{"line":66,"column":null}},"15":{"start":{"line":67,"column":4},"end":{"line":67,"column":null}},"16":{"start":{"line":70,"column":16},"end":{"line":70,"column":null}},"17":{"start":{"line":73,"column":2},"end":{"line":76,"column":null}},"18":{"start":{"line":74,"column":4},"end":{"line":74,"column":null}},"19":{"start":{"line":75,"column":4},"end":{"line":75,"column":null}},"20":{"start":{"line":80,"column":2},"end":{"line":85,"column":null}},"21":{"start":{"line":81,"column":4},"end":{"line":81,"column":null}},"22":{"start":{"line":83,"column":4},"end":{"line":83,"column":null}},"23":{"start":{"line":84,"column":4},"end":{"line":84,"column":null}},"24":{"start":{"line":88,"column":17},"end":{"line":91,"column":null}},"25":{"start":{"line":93,"column":2},"end":{"line":96,"column":null}},"26":{"start":{"line":94,"column":4},"end":{"line":94,"column":null}},"27":{"start":{"line":95,"column":4},"end":{"line":95,"column":null}},"28":{"start":{"line":99,"column":2},"end":{"line":104,"column":null}},"29":{"start":{"line":100,"column":4},"end":{"line":103,"column":null}},"30":{"start":{"line":101,"column":6},"end":{"line":101,"column":null}},"31":{"start":{"line":102,"column":6},"end":{"line":102,"column":null}},"32":{"start":{"line":107,"column":2},"end":{"line":110,"column":null}},"33":{"start":{"line":108,"column":4},"end":{"line":108,"column":null}},"34":{"start":{"line":109,"column":4},"end":{"line":109,"column":null}},"35":{"start":{"line":112,"column":2},"end":{"line":128,"column":null}},"36":{"start":{"line":113,"column":17},"end":{"line":116,"column":null}},"37":{"start":{"line":117,"column":4},"end":{"line":127,"column":null}},"38":{"start":{"line":118,"column":6},"end":{"line":121,"column":null}},"39":{"start":{"line":119,"column":8},"end":{"line":119,"column":null}},"40":{"start":{"line":120,"column":8},"end":{"line":120,"column":null}},"41":{"start":{"line":122,"column":12},"end":{"line":122,"column":null}},"42":{"start":{"line":123,"column":6},"end":{"line":126,"column":null}},"43":{"start":{"line":124,"column":8},"end":{"line":124,"column":null}},"44":{"start":{"line":125,"column":8},"end":{"line":125,"column":null}},"45":{"start":{"line":130,"column":2},"end":{"line":130,"column":null}},"46":{"start":{"line":131,"column":2},"end":{"line":131,"column":null}},"47":{"start":{"line":136,"column":2},"end":{"line":150,"column":null}},"48":{"start":{"line":137,"column":4},"end":{"line":140,"column":null}},"49":{"start":{"line":138,"column":6},"end":{"line":138,"column":null}},"50":{"start":{"line":139,"column":6},"end":{"line":139,"column":null}},"51":{"start":{"line":141,"column":4},"end":{"line":148,"column":null}},"52":{"start":{"line":142,"column":6},"end":{"line":146,"column":null}},"53":{"start":{"line":147,"column":6},"end":{"line":147,"column":null}},"54":{"start":{"line":149,"column":4},"end":{"line":149,"column":null}},"55":{"start":{"line":155,"column":2},"end":{"line":157,"column":null}},"56":{"start":{"line":156,"column":4},"end":{"line":156,"column":null}},"57":{"start":{"line":158,"column":2},"end":{"line":158,"column":null}},"58":{"start":{"line":162,"column":28},"end":{"line":162,"column":null}},"59":{"start":{"line":163,"column":28},"end":{"line":163,"column":null}},"60":{"start":{"line":164,"column":28},"end":{"line":164,"column":null}},"61":{"start":{"line":168,"column":21},"end":{"line":168,"column":null}},"62":{"start":{"line":168,"column":73},"end":{"line":168,"column":82}},"63":{"start":{"line":171,"column":2},"end":{"line":174,"column":null}},"64":{"start":{"line":172,"column":4},"end":{"line":172,"column":null}},"65":{"start":{"line":173,"column":4},"end":{"line":173,"column":null}},"66":{"start":{"line":176,"column":23},"end":{"line":176,"column":null}},"67":{"start":{"line":177,"column":8},"end":{"line":180,"column":null}},"68":{"start":{"line":182,"column":2},"end":{"line":185,"column":null}},"69":{"start":{"line":183,"column":4},"end":{"line":183,"column":null}},"70":{"start":{"line":184,"column":4},"end":{"line":184,"column":null}},"71":{"start":{"line":187,"column":2},"end":{"line":187,"column":null}}},"fnMap":{"0":{"name":"signToken","decl":{"start":{"line":35,"column":16},"end":{"line":35,"column":26}},"loc":{"start":{"line":35,"column":97},"end":{"line":37,"column":null}},"line":35},"1":{"name":"signRefreshToken","decl":{"start":{"line":44,"column":16},"end":{"line":44,"column":33}},"loc":{"start":{"line":44,"column":57},"end":{"line":46,"column":null}},"line":44},"2":{"name":"verifyRefreshToken","decl":{"start":{"line":48,"column":16},"end":{"line":48,"column":35}},"loc":{"start":{"line":48,"column":77},"end":{"line":56,"column":null}},"line":48},"3":{"name":"authenticate","decl":{"start":{"line":59,"column":22},"end":{"line":59,"column":null}},"loc":{"start":{"line":63,"column":17},"end":{"line":132,"column":null}},"line":63},"4":{"name":"requireRole","decl":{"start":{"line":135,"column":16},"end":{"line":135,"column":31}},"loc":{"start":{"line":135,"column":48},"end":{"line":151,"column":null}},"line":135},"5":{"name":"(anonymous_5)","decl":{"start":{"line":136,"column":9},"end":{"line":136,"column":10}},"loc":{"start":{"line":136,"column":68},"end":{"line":150,"column":null}},"line":136},"6":{"name":"sanitizeBody","decl":{"start":{"line":154,"column":16},"end":{"line":154,"column":29}},"loc":{"start":{"line":154,"column":84},"end":{"line":159,"column":null}},"line":154},"7":{"name":"superAdminIPGuard","decl":{"start":{"line":167,"column":16},"end":{"line":167,"column":34}},"loc":{"start":{"line":167,"column":89},"end":{"line":188,"column":null}},"line":167},"8":{"name":"(anonymous_8)","decl":{"start":{"line":168,"column":65},"end":{"line":168,"column":66}},"loc":{"start":{"line":168,"column":73},"end":{"line":168,"column":82}},"line":168}},"branchMap":{"0":{"loc":{"start":{"line":8,"column":0},"end":{"line":10,"column":null}},"type":"if","locations":[{"start":{"line":8,"column":0},"end":{"line":10,"column":null}},{"start":{},"end":{}}],"line":8},"1":{"loc":{"start":{"line":35,"column":56},"end":{"line":35,"column":97}},"type":"default-arg","locations":[{"start":{"line":35,"column":83},"end":{"line":35,"column":97}}],"line":35},"2":{"loc":{"start":{"line":40,"column":23},"end":{"line":42,"column":null}},"type":"cond-expr","locations":[{"start":{"line":41,"column":4},"end":{"line":41,"column":null}},{"start":{"line":42,"column":4},"end":{"line":42,"column":null}}],"line":40},"3":{"loc":{"start":{"line":51,"column":4},"end":{"line":51,"column":null}},"type":"if","locations":[{"start":{"line":51,"column":4},"end":{"line":51,"column":null}},{"start":{},"end":{}}],"line":51},"4":{"loc":{"start":{"line":65,"column":2},"end":{"line":68,"column":null}},"type":"if","locations":[{"start":{"line":65,"column":2},"end":{"line":68,"column":null}},{"start":{},"end":{}}],"line":65},"5":{"loc":{"start":{"line":73,"column":2},"end":{"line":76,"column":null}},"type":"if","locations":[{"start":{"line":73,"column":2},"end":{"line":76,"column":null}},{"start":{},"end":{}}],"line":73},"6":{"loc":{"start":{"line":93,"column":2},"end":{"line":96,"column":null}},"type":"if","locations":[{"start":{"line":93,"column":2},"end":{"line":96,"column":null}},{"start":{},"end":{}}],"line":93},"7":{"loc":{"start":{"line":93,"column":6},"end":{"line":93,"column":38}},"type":"binary-expr","locations":[{"start":{"line":93,"column":6},"end":{"line":93,"column":15}},{"start":{"line":93,"column":15},"end":{"line":93,"column":38}}],"line":93},"8":{"loc":{"start":{"line":99,"column":2},"end":{"line":104,"column":null}},"type":"if","locations":[{"start":{"line":99,"column":2},"end":{"line":104,"column":null}},{"start":{},"end":{}}],"line":99},"9":{"loc":{"start":{"line":99,"column":6},"end":{"line":99,"column":62}},"type":"binary-expr","locations":[{"start":{"line":99,"column":6},"end":{"line":99,"column":33}},{"start":{"line":99,"column":33},"end":{"line":99,"column":62}}],"line":99},"10":{"loc":{"start":{"line":100,"column":4},"end":{"line":103,"column":null}},"type":"if","locations":[{"start":{"line":100,"column":4},"end":{"line":103,"column":null}},{"start":{},"end":{}}],"line":100},"11":{"loc":{"start":{"line":100,"column":8},"end":{"line":100,"column":45}},"type":"binary-expr","locations":[{"start":{"line":100,"column":8},"end":{"line":100,"column":30}},{"start":{"line":100,"column":30},"end":{"line":100,"column":45}}],"line":100},"12":{"loc":{"start":{"line":107,"column":2},"end":{"line":110,"column":null}},"type":"if","locations":[{"start":{"line":107,"column":2},"end":{"line":110,"column":null}},{"start":{},"end":{}}],"line":107},"13":{"loc":{"start":{"line":107,"column":6},"end":{"line":107,"column":55}},"type":"binary-expr","locations":[{"start":{"line":107,"column":6},"end":{"line":107,"column":37}},{"start":{"line":107,"column":37},"end":{"line":107,"column":55}}],"line":107},"14":{"loc":{"start":{"line":112,"column":2},"end":{"line":128,"column":null}},"type":"if","locations":[{"start":{"line":112,"column":2},"end":{"line":128,"column":null}},{"start":{},"end":{}}],"line":112},"15":{"loc":{"start":{"line":117,"column":4},"end":{"line":127,"column":null}},"type":"if","locations":[{"start":{"line":117,"column":4},"end":{"line":127,"column":null}},{"start":{},"end":{}}],"line":117},"16":{"loc":{"start":{"line":118,"column":6},"end":{"line":121,"column":null}},"type":"if","locations":[{"start":{"line":118,"column":6},"end":{"line":121,"column":null}},{"start":{},"end":{}}],"line":118},"17":{"loc":{"start":{"line":123,"column":6},"end":{"line":126,"column":null}},"type":"if","locations":[{"start":{"line":123,"column":6},"end":{"line":126,"column":null}},{"start":{},"end":{}}],"line":123},"18":{"loc":{"start":{"line":137,"column":4},"end":{"line":140,"column":null}},"type":"if","locations":[{"start":{"line":137,"column":4},"end":{"line":140,"column":null}},{"start":{},"end":{}}],"line":137},"19":{"loc":{"start":{"line":141,"column":4},"end":{"line":148,"column":null}},"type":"if","locations":[{"start":{"line":141,"column":4},"end":{"line":148,"column":null}},{"start":{},"end":{}}],"line":141},"20":{"loc":{"start":{"line":155,"column":2},"end":{"line":157,"column":null}},"type":"if","locations":[{"start":{"line":155,"column":2},"end":{"line":157,"column":null}},{"start":{},"end":{}}],"line":155},"21":{"loc":{"start":{"line":155,"column":6},"end":{"line":155,"column":48}},"type":"binary-expr","locations":[{"start":{"line":155,"column":6},"end":{"line":155,"column":18}},{"start":{"line":155,"column":18},"end":{"line":155,"column":48}}],"line":155},"22":{"loc":{"start":{"line":171,"column":2},"end":{"line":174,"column":null}},"type":"if","locations":[{"start":{"line":171,"column":2},"end":{"line":174,"column":null}},{"start":{},"end":{}}],"line":171},"23":{"loc":{"start":{"line":171,"column":6},"end":{"line":171,"column":46}},"type":"binary-expr","locations":[{"start":{"line":171,"column":6},"end":{"line":171,"column":21}},{"start":{"line":171,"column":21},"end":{"line":171,"column":46}}],"line":171},"24":{"loc":{"start":{"line":177,"column":8},"end":{"line":180,"column":null}},"type":"binary-expr","locations":[{"start":{"line":178,"column":5},"end":{"line":178,"column":null}},{"start":{"line":179,"column":4},"end":{"line":179,"column":null}},{"start":{"line":180,"column":4},"end":{"line":180,"column":null}}],"line":177},"25":{"loc":{"start":{"line":182,"column":2},"end":{"line":185,"column":null}},"type":"if","locations":[{"start":{"line":182,"column":2},"end":{"line":185,"column":null}},{"start":{},"end":{}}],"line":182},"26":{"loc":{"start":{"line":182,"column":6},"end":{"line":182,"column":51}},"type":"binary-expr","locations":[{"start":{"line":182,"column":6},"end":{"line":182,"column":19}},{"start":{"line":182,"column":19},"end":{"line":182,"column":51}}],"line":182}},"s":{"0":3,"1":0,"2":3,"3":3,"4":3,"5":2,"6":2,"7":2,"8":2,"9":0,"10":1,"11":1,"12":0,"13":0,"14":0,"15":0,"16":0,"17":0,"18":0,"19":0,"20":0,"21":0,"22":0,"23":0,"24":0,"25":0,"26":0,"27":0,"28":0,"29":0,"30":0,"31":0,"32":0,"33":0,"34":0,"35":0,"36":0,"37":0,"38":0,"39":0,"40":0,"41":0,"42":0,"43":0,"44":0,"45":0,"46":0,"47":99,"48":3,"49":0,"50":0,"51":3,"52":1,"53":1,"54":2,"55":27,"56":19,"57":27,"58":3,"59":3,"60":3,"61":0,"62":0,"63":0,"64":0,"65":0,"66":0,"67":0,"68":0,"69":0,"70":0,"71":0},"f":{"0":3,"1":2,"2":2,"3":0,"4":99,"5":3,"6":27,"7":0,"8":0},"b":{"0":[0,3],"1":[3],"2":[0,3],"3":[0,2],"4":[0,0],"5":[0,0],"6":[0,0],"7":[0,0],"8":[0,0],"9":[0,0],"10":[0,0],"11":[0,0],"12":[0,0],"13":[0,0],"14":[0,0],"15":[0,0],"16":[0,0],"17":[0,0],"18":[0,3],"19":[1,2],"20":[19,8],"21":[27,19],"22":[0,0],"23":[0,0],"24":[0,0,0],"25":[0,0],"26":[0,0]},"meta":{"lastBranch":27,"lastFunction":9,"lastStatement":72,"seen":{"b:8:0:10:Infinity:undefined:undefined:undefined:undefined":0,"s:8:0:10:Infinity":0,"s:9:2:9:Infinity":1,"s:11:27:11:Infinity":2,"f:35:16:35:26":0,"b:35:83:35:97":1,"s:36:2:36:Infinity":3,"s:40:23:42:Infinity":4,"b:41:4:41:Infinity:42:4:42:Infinity":2,"f:44:16:44:33":1,"s:45:2:45:Infinity":5,"f:48:16:48:35":2,"s:49:2:55:Infinity":6,"s:50:20:50:Infinity":7,"b:51:4:51:Infinity:undefined:undefined:undefined:undefined":3,"s:51:4:51:Infinity":8,"s:51:36:51:Infinity":9,"s:52:4:52:Infinity":10,"s:54:4:54:Infinity":11,"f:59:22:59:Infinity":3,"s:64:15:64:Infinity":12,"b:65:2:68:Infinity:undefined:undefined:undefined:undefined":4,"s:65:2:68:Infinity":13,"s:66:4:66:Infinity":14,"s:67:4:67:Infinity":15,"s:70:16:70:Infinity":16,"b:73:2:76:Infinity:undefined:undefined:undefined:undefined":5,"s:73:2:76:Infinity":17,"s:74:4:74:Infinity":18,"s:75:4:75:Infinity":19,"s:80:2:85:Infinity":20,"s:81:4:81:Infinity":21,"s:83:4:83:Infinity":22,"s:84:4:84:Infinity":23,"s:88:17:91:Infinity":24,"b:93:2:96:Infinity:undefined:undefined:undefined:undefined":6,"s:93:2:96:Infinity":25,"b:93:6:93:15:93:15:93:38":7,"s:94:4:94:Infinity":26,"s:95:4:95:Infinity":27,"b:99:2:104:Infinity:undefined:undefined:undefined:undefined":8,"s:99:2:104:Infinity":28,"b:99:6:99:33:99:33:99:62":9,"b:100:4:103:Infinity:undefined:undefined:undefined:undefined":10,"s:100:4:103:Infinity":29,"b:100:8:100:30:100:30:100:45":11,"s:101:6:101:Infinity":30,"s:102:6:102:Infinity":31,"b:107:2:110:Infinity:undefined:undefined:undefined:undefined":12,"s:107:2:110:Infinity":32,"b:107:6:107:37:107:37:107:55":13,"s:108:4:108:Infinity":33,"s:109:4:109:Infinity":34,"b:112:2:128:Infinity:undefined:undefined:undefined:undefined":14,"s:112:2:128:Infinity":35,"s:113:17:116:Infinity":36,"b:117:4:127:Infinity:undefined:undefined:undefined:undefined":15,"s:117:4:127:Infinity":37,"b:118:6:121:Infinity:undefined:undefined:undefined:undefined":16,"s:118:6:121:Infinity":38,"s:119:8:119:Infinity":39,"s:120:8:120:Infinity":40,"s:122:12:122:Infinity":41,"b:123:6:126:Infinity:undefined:undefined:undefined:undefined":17,"s:123:6:126:Infinity":42,"s:124:8:124:Infinity":43,"s:125:8:125:Infinity":44,"s:130:2:130:Infinity":45,"s:131:2:131:Infinity":46,"f:135:16:135:31":4,"s:136:2:150:Infinity":47,"f:136:9:136:10":5,"b:137:4:140:Infinity:undefined:undefined:undefined:undefined":18,"s:137:4:140:Infinity":48,"s:138:6:138:Infinity":49,"s:139:6:139:Infinity":50,"b:141:4:148:Infinity:undefined:undefined:undefined:undefined":19,"s:141:4:148:Infinity":51,"s:142:6:146:Infinity":52,"s:147:6:147:Infinity":53,"s:149:4:149:Infinity":54,"f:154:16:154:29":6,"b:155:2:157:Infinity:undefined:undefined:undefined:undefined":20,"s:155:2:157:Infinity":55,"b:155:6:155:18:155:18:155:48":21,"s:156:4:156:Infinity":56,"s:158:2:158:Infinity":57,"s:162:28:162:Infinity":58,"s:163:28:163:Infinity":59,"s:164:28:164:Infinity":60,"f:167:16:167:34":7,"s:168:21:168:Infinity":61,"f:168:65:168:66":8,"s:168:73:168:82":62,"b:171:2:174:Infinity:undefined:undefined:undefined:undefined":22,"s:171:2:174:Infinity":63,"b:171:6:171:21:171:21:171:46":23,"s:172:4:172:Infinity":64,"s:173:4:173:Infinity":65,"s:176:23:176:Infinity":66,"s:177:8:180:Infinity":67,"b:178:5:178:Infinity:179:4:179:Infinity:180:4:180:Infinity":24,"b:182:2:185:Infinity:undefined:undefined:undefined:undefined":25,"s:182:2:185:Infinity":68,"b:182:6:182:19:182:19:182:51":26,"s:183:4:183:Infinity":69,"s:184:4:184:Infinity":70,"s:187:2:187:Infinity":71}}}
,"/home/runner/workspace/artifacts/api-server/src/routes/health.ts": {"path":"/home/runner/workspace/artifacts/api-server/src/routes/health.ts","statementMap":{"0":{"start":{"line":4,"column":6},"end":{"line":4,"column":null}},"1":{"start":{"line":6,"column":0},"end":{"line":18,"column":null}},"2":{"start":{"line":7,"column":2},"end":{"line":17,"column":null}},"3":{"start":{"line":8,"column":19},"end":{"line":8,"column":null}},"4":{"start":{"line":9,"column":19},"end":{"line":9,"column":null}},"5":{"start":{"line":10,"column":4},"end":{"line":10,"column":null}},"6":{"start":{"line":12,"column":4},"end":{"line":16,"column":null}}},"fnMap":{"0":{"name":"(anonymous_0)","decl":{"start":{"line":6,"column":23},"end":{"line":6,"column":30}},"loc":{"start":{"line":6,"column":44},"end":{"line":18,"column":1}},"line":6}},"branchMap":{"0":{"loc":{"start":{"line":9,"column":19},"end":{"line":9,"column":null}},"type":"cond-expr","locations":[{"start":{"line":9,"column":51},"end":{"line":9,"column":57}},{"start":{"line":9,"column":57},"end":{"line":9,"column":null}}],"line":9}},"s":{"0":3,"1":3,"2":4,"3":4,"4":4,"5":4,"6":0},"f":{"0":4},"b":{"0":[0,4]},"meta":{"lastBranch":1,"lastFunction":1,"lastStatement":7,"seen":{"s:4:6:4:Infinity":0,"s:6:0:18:Infinity":1,"f:6:23:6:30":0,"s:7:2:17:Infinity":2,"s:8:19:8:Infinity":3,"s:9:19:9:Infinity":4,"b:9:51:9:57:9:57:9:Infinity":0,"s:10:4:10:Infinity":5,"s:12:4:16:Infinity":6}}}
}
